<?xml version="1.0" encoding="UTF-8"?>
<robot generator="Robot 3.2.2 (Python 3.9.2 on win32)" generated="20210305 17:13:10.220" rpa="false">
<suite id="s1" name="Joint Loan Tests" source="C:\Users\nadth\PycharmProjects\pythonProject1\Tests\FunctionalTests\joint_loan_tests.robot">
<test id="s1-t1" name="Verify the login into the GetZense account">
<kw name="Start Test Case">
<kw name="Open Browser" library="SeleniumLibrary">
<doc>Opens a new browser instance to the optional ``url``.</doc>
<arguments>
<arg>${URL}</arg>
<arg>${BROWSER}</arg>
</arguments>
<msg timestamp="20210305 17:13:10.388" level="INFO">Opening browser 'Firefox' to base url 'http://portal.dev.getzense.com/'.</msg>
<msg timestamp="20210305 17:13:10.390" level="INFO">Firefox driver log is always forced to to: C:\Users\nadth\PycharmProjects\pythonProject1\results\jointload01\geckodriver-51.log</msg>
<status status="PASS" starttime="20210305 17:13:10.387" endtime="20210305 17:13:33.508"></status>
</kw>
<kw name="Wait Until Element Is Visible" library="SeleniumLibrary">
<doc>Waits until the element ``locator`` is visible.</doc>
<arguments>
<arg>id = app</arg>
</arguments>
<status status="PASS" starttime="20210305 17:13:33.508" endtime="20210305 17:13:33.595"></status>
</kw>
<kw name="Click Element" library="SeleniumLibrary">
<doc>Click the element identified by ``locator``.</doc>
<arguments>
<arg>//*[@id="app"]/header/nav/ul/li[7]/a</arg>
</arguments>
<msg timestamp="20210305 17:13:33.595" level="INFO">Clicking element '//*[@id="app"]/header/nav/ul/li[7]/a'.</msg>
<status status="PASS" starttime="20210305 17:13:33.595" endtime="20210305 17:13:39.107"></status>
</kw>
<status status="PASS" starttime="20210305 17:13:10.387" endtime="20210305 17:13:39.108"></status>
</kw>
<kw name="Verify Test Case">
<kw name="Wait Until Element Is Visible" library="SeleniumLibrary">
<doc>Waits until the element ``locator`` is visible.</doc>
<arguments>
<arg>id = email</arg>
</arguments>
<status status="PASS" starttime="20210305 17:13:39.108" endtime="20210305 17:13:39.126"></status>
</kw>
<kw name="Input Text" library="SeleniumLibrary">
<doc>Types the given ``text`` into the text field identified by ``locator``.</doc>
<arguments>
<arg>//*[@id="email"]</arg>
<arg>mhee@mail.com</arg>
</arguments>
<msg timestamp="20210305 17:13:39.127" level="INFO">Typing text 'mhee@mail.com' into text field '//*[@id="email"]'.</msg>
<status status="PASS" starttime="20210305 17:13:39.126" endtime="20210305 17:13:39.160"></status>
</kw>
<kw name="Input Password" library="SeleniumLibrary">
<doc>Types the given password into the text field identified by ``locator``.</doc>
<arguments>
<arg>//*[@id="password"]</arg>
<arg>Mhee1234=</arg>
</arguments>
<msg timestamp="20210305 17:13:39.160" level="INFO">Typing password into text field '//*[@id="password"]'.</msg>
<msg timestamp="20210305 17:13:39.166" level="INFO">Temporally setting log level to: NONE</msg>
<msg timestamp="20210305 17:13:39.184" level="INFO">Log level changed from NONE to INFO.</msg>
<status status="PASS" starttime="20210305 17:13:39.160" endtime="20210305 17:13:39.184"></status>
</kw>
<kw name="Submit Form" library="SeleniumLibrary">
<doc>Submits a form identified by ``locator``.</doc>
<msg timestamp="20210305 17:13:39.184" level="INFO">Submitting form 'None'.</msg>
<status status="PASS" starttime="20210305 17:13:39.184" endtime="20210305 17:13:39.201"></status>
</kw>
<status status="PASS" starttime="20210305 17:13:39.108" endtime="20210305 17:13:39.201"></status>
</kw>
<doc>Enter a valid email address and valid password</doc>
<tags>
<tag>Functional</tag>
</tags>
<status status="PASS" starttime="20210305 17:13:10.386" endtime="20210305 17:13:39.202" critical="yes"></status>
</test>
<test id="s1-t2" name="Main borrower applies for a purchase individually.">
<kw name="Wait Until Element Is Enabled" library="SeleniumLibrary">
<doc>Waits until the element ``locator`` is enabled.</doc>
<arguments>
<arg>link = Continue filling</arg>
</arguments>
<status status="PASS" starttime="20210305 17:13:39.207" endtime="20210305 17:13:40.569"></status>
</kw>
<kw name="Press Keys" library="SeleniumLibrary">
<doc>Simulates the user pressing key(s) to an element or on the active browser.</doc>
<arguments>
<arg>link = Continue filling</arg>
<arg>[RETURN]</arg>
</arguments>
<msg timestamp="20210305 17:13:40.571" level="INFO">Sending key(s) ('[RETURN]',) to link = Continue filling element.</msg>
<msg timestamp="20210305 17:13:40.885" level="INFO">Sending keys [RETURN]</msg>
<status status="PASS" starttime="20210305 17:13:40.570" endtime="20210305 17:13:40.898"></status>
</kw>
<kw name="Wait Until Element Is Visible" library="SeleniumLibrary">
<doc>Waits until the element ``locator`` is visible.</doc>
<arguments>
<arg>id = loan_purpose_purchase_button</arg>
</arguments>
<status status="PASS" starttime="20210305 17:13:40.899" endtime="20210305 17:13:44.159"></status>
</kw>
<kw name="Click Element" library="SeleniumLibrary">
<doc>Click the element identified by ``locator``.</doc>
<arguments>
<arg>id = loan_purpose_purchase_button</arg>
</arguments>
<msg timestamp="20210305 17:13:44.160" level="INFO">Clicking element 'id = loan_purpose_purchase_button'.</msg>
<status status="PASS" starttime="20210305 17:13:44.160" endtime="20210305 17:13:44.411"></status>
</kw>
<kw name="Wait Until Element Is Visible" library="SeleniumLibrary">
<doc>Waits until the element ``locator`` is visible.</doc>
<arguments>
<arg>id = type_of_credit_individual_button</arg>
</arguments>
<status status="PASS" starttime="20210305 17:13:44.412" endtime="20210305 17:13:44.426"></status>
</kw>
<kw name="Click Element" library="SeleniumLibrary">
<doc>Click the element identified by ``locator``.</doc>
<arguments>
<arg>id = type_of_credit_individual_button</arg>
</arguments>
<msg timestamp="20210305 17:13:44.426" level="INFO">Clicking element 'id = type_of_credit_individual_button'.</msg>
<status status="PASS" starttime="20210305 17:13:44.426" endtime="20210305 17:13:44.645"></status>
</kw>
<kw name="Wait Until Element Is Visible" library="SeleniumLibrary">
<doc>Waits until the element ``locator`` is visible.</doc>
<arguments>
<arg>id = continue_button</arg>
</arguments>
<status status="PASS" starttime="20210305 17:13:44.645" endtime="20210305 17:13:44.658"></status>
</kw>
<kw name="Click Button" library="SeleniumLibrary">
<doc>Clicks the button identified by ``locator``.</doc>
<arguments>
<arg>id = continue_button</arg>
</arguments>
<msg timestamp="20210305 17:13:44.658" level="INFO">Clicking button 'id = continue_button'.</msg>
<status status="PASS" starttime="20210305 17:13:44.658" endtime="20210305 17:13:47.149"></status>
</kw>
<doc>Main borrower selects purchase, then individual loan</doc>
<tags>
<tag>Functional</tag>
</tags>
<status status="PASS" starttime="20210305 17:13:39.205" endtime="20210305 17:13:47.150" critical="yes"></status>
</test>
<test id="s1-t3" name="Once the user has choosed a type of application they should provide their name.">
<kw name="Wait Until Element Is Visible" library="SeleniumLibrary">
<doc>Waits until the element ``locator`` is visible.</doc>
<arguments>
<arg>name = kyc[first_name]</arg>
</arguments>
<status status="PASS" starttime="20210305 17:13:47.152" endtime="20210305 17:13:47.166"></status>
</kw>
<kw name="Input Text" library="SeleniumLibrary">
<doc>Types the given ``text`` into the text field identified by ``locator``.</doc>
<arguments>
<arg>name = kyc[first_name]</arg>
</arguments>
<msg timestamp="20210305 17:13:47.166" level="FAIL">Keyword 'SeleniumLibrary.Input Text' expected 2 to 3 arguments, got 1.</msg>
<status status="FAIL" starttime="20210305 17:13:47.166" endtime="20210305 17:13:47.167"></status>
</kw>
<doc>Main borrower input their name in</doc>
<tags>
<tag>Functional</tag>
</tags>
<status status="FAIL" starttime="20210305 17:13:47.151" endtime="20210305 17:13:47.168" critical="yes">Keyword 'SeleniumLibrary.Input Text' expected 2 to 3 arguments, got 1.</status>
</test>
<doc>KYC Joint Loan</doc>
<status status="FAIL" starttime="20210305 17:13:10.222" endtime="20210305 17:13:47.172"></status>
</suite>
<statistics>
<total>
<stat pass="2" fail="1">Critical Tests</stat>
<stat pass="2" fail="1">All Tests</stat>
</total>
<tag>
<stat pass="2" fail="1">Functional</stat>
</tag>
<suite>
<stat pass="2" fail="1" id="s1" name="Joint Loan Tests">Joint Loan Tests</stat>
</suite>
</statistics>
<errors>
</errors>
</robot>
