<?xml version="1.0" encoding="UTF-8"?>
<robot generator="Robot 3.2.2 (Python 3.9.2 on win32)" generated="20210308 16:13:21.259" rpa="false">
<suite id="s1" name="Joint Loan Tests" source="C:\Users\nadth\PycharmProjects\pythonProject1\tests\functionaltests\joint_loan_tests.robot">
<test id="s1-t1" name="Verify the login into the GetZense account">
<kw name="Start Test Case">
<kw name="Open Browser" library="SeleniumLibrary">
<doc>Opens a new browser instance to the optional ``url``.</doc>
<arguments>
<arg>${URL}</arg>
<arg>${BROWSER}</arg>
</arguments>
<msg timestamp="20210308 16:13:21.677" level="INFO">Opening browser 'Firefox' to base url 'http://portal.dev.getzense.com/'.</msg>
<msg timestamp="20210308 16:13:21.680" level="INFO">Firefox driver log is always forced to to: C:\Users\nadth\PycharmProjects\pythonProject1\results\geckodriver-46.log</msg>
<status status="PASS" starttime="20210308 16:13:21.677" endtime="20210308 16:13:53.107"></status>
</kw>
<kw name="Wait Until Element Is Visible" library="SeleniumLibrary">
<doc>Waits until the element ``locator`` is visible.</doc>
<arguments>
<arg>id = app</arg>
</arguments>
<status status="PASS" starttime="20210308 16:13:53.107" endtime="20210308 16:13:53.189"></status>
</kw>
<kw name="Click Element" library="SeleniumLibrary">
<doc>Click the element identified by ``locator``.</doc>
<arguments>
<arg>//*[@id="app"]/header/nav/ul/li[7]/a</arg>
</arguments>
<msg timestamp="20210308 16:13:53.190" level="INFO">Clicking element '//*[@id="app"]/header/nav/ul/li[7]/a'.</msg>
<status status="PASS" starttime="20210308 16:13:53.190" endtime="20210308 16:13:59.899"></status>
</kw>
<status status="PASS" starttime="20210308 16:13:21.677" endtime="20210308 16:13:59.900"></status>
</kw>
<kw name="Verify Test Case">
<kw name="Wait Until Element Is Visible" library="SeleniumLibrary">
<doc>Waits until the element ``locator`` is visible.</doc>
<arguments>
<arg>id = email</arg>
</arguments>
<status status="PASS" starttime="20210308 16:13:59.901" endtime="20210308 16:13:59.916"></status>
</kw>
<kw name="Input Text" library="SeleniumLibrary">
<doc>Types the given ``text`` into the text field identified by ``locator``.</doc>
<arguments>
<arg>//*[@id="email"]</arg>
<arg>mhee@mail.com</arg>
</arguments>
<msg timestamp="20210308 16:13:59.916" level="INFO">Typing text 'mhee@mail.com' into text field '//*[@id="email"]'.</msg>
<status status="PASS" starttime="20210308 16:13:59.916" endtime="20210308 16:13:59.946"></status>
</kw>
<kw name="Input Password" library="SeleniumLibrary">
<doc>Types the given password into the text field identified by ``locator``.</doc>
<arguments>
<arg>//*[@id="password"]</arg>
<arg>Mhee1234=</arg>
</arguments>
<msg timestamp="20210308 16:13:59.947" level="INFO">Typing password into text field '//*[@id="password"]'.</msg>
<msg timestamp="20210308 16:13:59.953" level="INFO">Temporally setting log level to: NONE</msg>
<msg timestamp="20210308 16:13:59.965" level="INFO">Log level changed from NONE to INFO.</msg>
<status status="PASS" starttime="20210308 16:13:59.946" endtime="20210308 16:13:59.965"></status>
</kw>
<kw name="Submit Form" library="SeleniumLibrary">
<doc>Submits a form identified by ``locator``.</doc>
<msg timestamp="20210308 16:13:59.965" level="INFO">Submitting form 'None'.</msg>
<status status="PASS" starttime="20210308 16:13:59.965" endtime="20210308 16:13:59.979"></status>
</kw>
<status status="PASS" starttime="20210308 16:13:59.900" endtime="20210308 16:13:59.979"></status>
</kw>
<doc>Enter a valid email address and valid password</doc>
<tags>
<tag>Functional</tag>
</tags>
<status status="PASS" starttime="20210308 16:13:21.676" endtime="20210308 16:13:59.979" critical="yes"></status>
</test>
<test id="s1-t2" name="Main borrower applies for a purchase individually.">
<kw name="Continue KYC">
<kw name="Wait Until Element Is Enabled" library="SeleniumLibrary">
<doc>Waits until the element ``locator`` is enabled.</doc>
<arguments>
<arg>link = Continue filling</arg>
</arguments>
<status status="PASS" starttime="20210308 16:13:59.981" endtime="20210308 16:14:01.351"></status>
</kw>
<kw name="Press Keys" library="SeleniumLibrary">
<doc>Simulates the user pressing key(s) to an element or on the active browser.</doc>
<arguments>
<arg>link = Continue filling</arg>
<arg>[RETURN]</arg>
</arguments>
<msg timestamp="20210308 16:14:01.352" level="INFO">Sending key(s) ('[RETURN]',) to link = Continue filling element.</msg>
<msg timestamp="20210308 16:14:01.661" level="INFO">Sending keys [RETURN]</msg>
<status status="PASS" starttime="20210308 16:14:01.351" endtime="20210308 16:14:01.673"></status>
</kw>
<status status="PASS" starttime="20210308 16:13:59.981" endtime="20210308 16:14:01.674"></status>
</kw>
<kw name="Sleep" library="BuiltIn">
<doc>Pauses the test executed for the given time.</doc>
<arguments>
<arg>3</arg>
</arguments>
<msg timestamp="20210308 16:14:04.677" level="INFO">Slept 3 seconds</msg>
<status status="PASS" starttime="20210308 16:14:01.674" endtime="20210308 16:14:04.677"></status>
</kw>
<kw name="Wait Until Element Is Visible" library="SeleniumLibrary">
<doc>Waits until the element ``locator`` is visible.</doc>
<arguments>
<arg>//*[@id="loan_purpose_purchase_button"]</arg>
</arguments>
<kw name="Capture Page Screenshot" library="SeleniumLibrary">
<doc>Takes a screenshot of the current page and embeds it into a log file.</doc>
<msg timestamp="20210308 16:14:09.951" level="INFO" html="yes">&lt;/td&gt;&lt;/tr&gt;&lt;tr&gt;&lt;td colspan="3"&gt;&lt;a href="selenium-screenshot-86.png"&gt;&lt;img src="selenium-screenshot-86.png" width="800px"&gt;&lt;/a&gt;</msg>
<status status="PASS" starttime="20210308 16:14:09.818" endtime="20210308 16:14:09.951"></status>
</kw>
<msg timestamp="20210308 16:14:09.952" level="FAIL">Element '//*[@id="loan_purpose_purchase_button"]' not visible after 5 seconds.</msg>
<status status="FAIL" starttime="20210308 16:14:04.678" endtime="20210308 16:14:09.952"></status>
</kw>
<doc>Main borrower selects purchase, then individual loan</doc>
<tags>
<tag>Functional</tag>
</tags>
<status status="FAIL" starttime="20210308 16:13:59.980" endtime="20210308 16:14:09.953" critical="yes">Element '//*[@id="loan_purpose_purchase_button"]' not visible after 5 seconds.</status>
</test>
<test id="s1-t3" name="Once the user has choosed a type of application they should provide their name.">
<kw name="Sleep" library="BuiltIn">
<doc>Pauses the test executed for the given time.</doc>
<arguments>
<arg>3</arg>
</arguments>
<msg timestamp="20210308 16:14:12.965" level="INFO">Slept 3 seconds</msg>
<status status="PASS" starttime="20210308 16:14:09.955" endtime="20210308 16:14:12.966"></status>
</kw>
<kw name="Wait Until Element Is Visible" library="SeleniumLibrary">
<doc>Waits until the element ``locator`` is visible.</doc>
<arguments>
<arg>name = kyc[first_name]</arg>
</arguments>
<kw name="Capture Page Screenshot" library="SeleniumLibrary">
<doc>Takes a screenshot of the current page and embeds it into a log file.</doc>
<msg timestamp="20210308 16:14:18.205" level="INFO" html="yes">&lt;/td&gt;&lt;/tr&gt;&lt;tr&gt;&lt;td colspan="3"&gt;&lt;a href="selenium-screenshot-87.png"&gt;&lt;img src="selenium-screenshot-87.png" width="800px"&gt;&lt;/a&gt;</msg>
<status status="PASS" starttime="20210308 16:14:18.108" endtime="20210308 16:14:18.206"></status>
</kw>
<msg timestamp="20210308 16:14:18.206" level="FAIL">Element 'name = kyc[first_name]' not visible after 5 seconds.</msg>
<status status="FAIL" starttime="20210308 16:14:12.967" endtime="20210308 16:14:18.206"></status>
</kw>
<doc>Main borrower input their name in</doc>
<tags>
<tag>Functional</tag>
</tags>
<status status="FAIL" starttime="20210308 16:14:09.955" endtime="20210308 16:14:18.207" critical="yes">Element 'name = kyc[first_name]' not visible after 5 seconds.</status>
</test>
<test id="s1-t4" name="Provide Birth Date">
<kw name="Sleep" library="BuiltIn">
<doc>Pauses the test executed for the given time.</doc>
<arguments>
<arg>2</arg>
</arguments>
<msg timestamp="20210308 16:14:20.223" level="INFO">Slept 2 seconds</msg>
<status status="PASS" starttime="20210308 16:14:18.209" endtime="20210308 16:14:20.223"></status>
</kw>
<kw name="Select random month">
<assign>
<var>${month}</var>
</assign>
<kw name="Random Element" library="FakerLibrary">
<doc>Generate a randomly sampled object from ``elements``.</doc>
<arguments>
<arg>['JANUARY', 'FEBRUARY', 'MARCH', 'APRIL', 'MAY', 'JUNE', 'JULY', 'AUGUST', 'SEPTEMBER', 'OCTOBER', 'NOVEMBER', 'DECEMBER']</arg>
</arguments>
<assign>
<var>${randomValue}</var>
</assign>
<msg timestamp="20210308 16:14:20.224" level="INFO">${randomValue} = MAY</msg>
<status status="PASS" starttime="20210308 16:14:20.224" endtime="20210308 16:14:20.224"></status>
</kw>
<msg timestamp="20210308 16:14:20.224" level="INFO">${month} = MAY</msg>
<status status="PASS" starttime="20210308 16:14:20.224" endtime="20210308 16:14:20.224"></status>
</kw>
<kw name="Select From List By Value" library="SeleniumLibrary">
<doc>Selects options from selection list ``locator`` by ``values``.</doc>
<arguments>
<arg>name= kyc[date_of_birth][0]</arg>
<arg>${month}</arg>
</arguments>
<msg timestamp="20210308 16:14:20.225" level="INFO">Selecting options from selection list 'name= kyc[date_of_birth][0]' by value MAY.</msg>
<kw name="Capture Page Screenshot" library="SeleniumLibrary">
<doc>Takes a screenshot of the current page and embeds it into a log file.</doc>
<msg timestamp="20210308 16:14:20.337" level="INFO" html="yes">&lt;/td&gt;&lt;/tr&gt;&lt;tr&gt;&lt;td colspan="3"&gt;&lt;a href="selenium-screenshot-88.png"&gt;&lt;img src="selenium-screenshot-88.png" width="800px"&gt;&lt;/a&gt;</msg>
<status status="PASS" starttime="20210308 16:14:20.227" endtime="20210308 16:14:20.337"></status>
</kw>
<msg timestamp="20210308 16:14:20.338" level="FAIL">List with locator 'name= kyc[date_of_birth][0]' not found.</msg>
<status status="FAIL" starttime="20210308 16:14:20.225" endtime="20210308 16:14:20.338"></status>
</kw>
<status status="FAIL" starttime="20210308 16:14:18.209" endtime="20210308 16:14:20.339" critical="yes">List with locator 'name= kyc[date_of_birth][0]' not found.</status>
</test>
<doc>KYC Joint Loan</doc>
<status status="FAIL" starttime="20210308 16:13:21.261" endtime="20210308 16:14:20.341"></status>
</suite>
<statistics>
<total>
<stat pass="1" fail="3">Critical Tests</stat>
<stat pass="1" fail="3">All Tests</stat>
</total>
<tag>
<stat pass="1" fail="2">Functional</stat>
</tag>
<suite>
<stat pass="1" fail="3" id="s1" name="Joint Loan Tests">Joint Loan Tests</stat>
</suite>
</statistics>
<errors>
</errors>
</robot>
