<?xml version="1.0" encoding="UTF-8"?>
<robot generator="Robot 3.2.2 (Python 3.9.2 on win32)" generated="20210305 14:49:00.258" rpa="false">
<suite id="s1" name="Login Tests" source="C:\Users\nadth\PycharmProjects\pythonProject1\Tests\FunctionalTests\login_tests.robot">
<test id="s1-t1" name="Verify the login into the GetZense account">
<kw name="Open Browser" library="SeleniumLibrary">
<doc>Opens a new browser instance to the optional ``url``.</doc>
<arguments>
<arg>${URL}</arg>
<arg>${BROWSER}</arg>
</arguments>
<msg timestamp="20210305 14:49:00.418" level="INFO">Opening browser 'Firefox' to base url 'http://portal.dev.getzense.com'.</msg>
<msg timestamp="20210305 14:49:00.420" level="INFO">Firefox driver log is always forced to to: C:\Users\nadth\PycharmProjects\pythonProject1\results\login01\geckodriver-28.log</msg>
<status status="PASS" starttime="20210305 14:49:00.418" endtime="20210305 14:49:27.431"></status>
</kw>
<kw name="Click Element" library="SeleniumLibrary">
<doc>Click the element identified by ``locator``.</doc>
<arguments>
<arg>//*[@id="app"]/header/nav/ul/li[7]/a</arg>
</arguments>
<msg timestamp="20210305 14:49:27.432" level="INFO">Clicking element '//*[@id="app"]/header/nav/ul/li[7]/a'.</msg>
<status status="PASS" starttime="20210305 14:49:27.432" endtime="20210305 14:49:38.431"></status>
</kw>
<kw name="Input Text" library="SeleniumLibrary">
<doc>Types the given ``text`` into the text field identified by ``locator``.</doc>
<arguments>
<arg>//*[@id="email"]</arg>
<arg>mhee@mail.com</arg>
</arguments>
<msg timestamp="20210305 14:49:38.432" level="INFO">Typing text 'mhee@mail.com' into text field '//*[@id="email"]'.</msg>
<status status="PASS" starttime="20210305 14:49:38.432" endtime="20210305 14:49:38.460"></status>
</kw>
<kw name="Input Password" library="SeleniumLibrary">
<doc>Types the given password into the text field identified by ``locator``.</doc>
<arguments>
<arg>//*[@id="password"]</arg>
<arg>Mhee1234=</arg>
</arguments>
<msg timestamp="20210305 14:49:38.461" level="INFO">Typing password into text field '//*[@id="password"]'.</msg>
<msg timestamp="20210305 14:49:38.466" level="INFO">Temporally setting log level to: NONE</msg>
<msg timestamp="20210305 14:49:38.480" level="INFO">Log level changed from NONE to INFO.</msg>
<status status="PASS" starttime="20210305 14:49:38.461" endtime="20210305 14:49:38.480"></status>
</kw>
<kw name="Submit Form" library="SeleniumLibrary">
<doc>Submits a form identified by ``locator``.</doc>
<msg timestamp="20210305 14:49:38.480" level="INFO">Submitting form 'None'.</msg>
<status status="PASS" starttime="20210305 14:49:38.480" endtime="20210305 14:49:38.494"></status>
</kw>
<doc>Main borrower selects purchase, then individual loan</doc>
<tags>
<tag>Functional</tag>
</tags>
<status status="PASS" starttime="20210305 14:49:00.417" endtime="20210305 14:49:38.494" critical="yes"></status>
</test>
<doc>A test suite with a single test for valid login.</doc>
<status status="PASS" starttime="20210305 14:49:00.259" endtime="20210305 14:49:38.496"></status>
</suite>
<statistics>
<total>
<stat pass="1" fail="0">Critical Tests</stat>
<stat pass="1" fail="0">All Tests</stat>
</total>
<tag>
<stat pass="1" fail="0">Functional</stat>
</tag>
<suite>
<stat pass="1" fail="0" id="s1" name="Login Tests">Login Tests</stat>
</suite>
</statistics>
<errors>
</errors>
</robot>
